<?xml version="1.0" encoding="UTF-8"?>
<!-- Generated by org.testng.reporters.JUnitReportReporter -->
<testsuite skipped="0" hostname="LAPTOP-A4G98HVB" name="DynamicJSON" tests="1" failures="0" timestamp="2020-09-08T21:15:22 IST" time="3.939" errors="0">
  <testcase name="addLib" time="3.939" classname="DynamicJSON"/>
  <system-out/>
</testsuite> <!-- DynamicJSON -->
