<?xml version="1.0" encoding="UTF-8"?>
<!-- Generated by org.testng.reporters.JUnitReportReporter -->
<testsuite skipped="0" hostname="LAPTOP-A4G98HVB" name="SumValidation" tests="1" failures="0" timestamp="2020-09-06T20:56:48 IST" time="1.799" errors="0">
  <testcase name="sum" time="1.799" classname="SumValidation"/>
  <system-out/>
</testsuite> <!-- SumValidation -->
